2024-10-09 00:54:25.866686: I tensorflow/core/util/port.cc:110] oneDNN custom operations are on. You may see slightly different numerical results due to floating-point round-off errors from different computation orders. To turn them off, set the environment variable `TF_ENABLE_ONEDNN_OPTS=0`.
2024-10-09 00:54:25.869579: I tensorflow/tsl/cuda/cudart_stub.cc:28] Could not find cuda drivers on your machine, GPU will not be used.
2024-10-09 00:54:25.932160: I tensorflow/core/platform/cpu_feature_guard.cc:182] This TensorFlow binary is optimized to use available CPU instructions in performance-critical operations.
To enable the following instructions: AVX2 AVX512F AVX512_VNNI FMA, in other operations, rebuild TensorFlow with the appropriate compiler flags.
2024-10-09 00:54:26.824361: W tensorflow/compiler/tf2tensorrt/utils/py_utils.cc:38] TF-TRT Warning: Could not find TensorRT
/home_data/home/linxin2024/anaconda3/envs/synthesis/lib/python3.8/site-packages/torch/functional.py:504: UserWarning: torch.meshgrid: in an upcoming release, it will be required to pass the indexing argument. (Triggered internally at ../aten/src/ATen/native/TensorShape.cpp:3526.)
  return _VF.meshgrid(tensors, **kwargs)  # type: ignore[attr-defined]
Image GE_T1.nii.gz processed dimensions: (24, 512, 512)
Image GE_T1.nii.gz processed dimensions: (24, 512, 512)
img_0_lr_patch.shape: torch.Size([2, 20, 60, 60])
img_1_lr_patch.shape: torch.Size([2, 20, 60, 60])
forward
x before input_blocks: torch.Size([2, 1, 20, 60, 60])
Shape after input block: torch.Size([2, 16, 20, 60, 60])
Shape after input block: torch.Size([2, 16, 20, 60, 60])
Shape after input block: torch.Size([2, 16, 10, 30, 30])
Shape after input block: torch.Size([2, 32, 10, 30, 30])
Shape after input block: torch.Size([2, 32, 5, 15, 15])
Shape after input block: torch.Size([2, 64, 5, 15, 15])
Shape after input block: torch.Size([2, 64, 3, 8, 8])
Shape after input block: torch.Size([2, 128, 3, 8, 8])
Shape after middle block: torch.Size([2, 128, 3, 8, 8])
Shape after middle block: torch.Size([2, 128, 3, 8, 8])
Shape after middle block: torch.Size([2, 128, 3, 8, 8])
Shape after middle block: torch.Size([2, 128, 3, 8, 8])
h shape: torch.Size([2, 128, 3, 8, 8]), hs.pop() shape: torch.Size([2, 128, 3, 8, 8])
Shape after output block: torch.Size([2, 128, 3, 8, 8])
h shape: torch.Size([2, 128, 3, 8, 8]), hs.pop() shape: torch.Size([2, 64, 3, 8, 8])
Shape after output block: torch.Size([2, 128, 6, 16, 16])
h shape: torch.Size([2, 128, 6, 16, 16]), hs.pop() shape: torch.Size([2, 64, 5, 15, 15])
Traceback (most recent call last):
  File "/home_data/home/linxin2024/code/3DMedDM_v2/demo.py", line 264, in <module>
    pred_0_1 = _get_pred(crop_size, 0.5, model_img, img_vol_0, img_vol_1, coord_size, coord_hr, seq_src, seq_tgt)
  File "/home_data/home/linxin2024/code/3DMedDM_v2/demo.py", line 169, in _get_pred
    pred_0_1_patch = model(img_0_lr_patch, img_1_lr_patch, seq_src.cuda().float(), seq_tgt.cuda().float())
  File "/home_data/home/linxin2024/anaconda3/envs/synthesis/lib/python3.8/site-packages/torch/nn/modules/module.py", line 1518, in _wrapped_call_impl
    return self._call_impl(*args, **kwargs)
  File "/home_data/home/linxin2024/anaconda3/envs/synthesis/lib/python3.8/site-packages/torch/nn/modules/module.py", line 1527, in _call_impl
    return forward_call(*args, **kwargs)
  File "/home_data/home/linxin2024/code/3DMedDM_v2/models/lccd.py", line 18, in forward
    tgt_out = self.unet(tgt_t, t_1, prompt_tgt)
  File "/home_data/home/linxin2024/anaconda3/envs/synthesis/lib/python3.8/site-packages/torch/nn/modules/module.py", line 1518, in _wrapped_call_impl
    return self._call_impl(*args, **kwargs)
  File "/home_data/home/linxin2024/anaconda3/envs/synthesis/lib/python3.8/site-packages/torch/nn/modules/module.py", line 1527, in _call_impl
    return forward_call(*args, **kwargs)
  File "/home_data/home/linxin2024/code/3DMedDM_v2/models/diffusion.py", line 571, in forward
    
RuntimeError: Sizes of tensors must match except in dimension 1. Expected size 6 but got size 5 for tensor number 1 in the list.

